TN:
SF:src/app.controller.ts
FN:8,(anonymous_2)
FN:13,(anonymous_3)
FNF:2
FNH:2
FNDA:1,(anonymous_2)
FNDA:1,(anonymous_3)
DA:1,1
DA:2,1
DA:3,1
DA:7,1
DA:8,1
DA:13,1
DA:14,1
LF:7
LH:7
BRF:0
BRH:0
end_of_record
TN:
SF:src/app.module.ts
FN:18,(anonymous_1)
FNF:1
FNH:0
FNDA:0,(anonymous_1)
DA:1,0
DA:2,0
DA:3,0
DA:4,0
DA:5,0
DA:6,0
DA:7,0
DA:8,0
DA:18,0
DA:39,0
LF:10
LH:0
BRDA:27,0,0,0
BRDA:27,0,1,0
BRF:2
BRH:0
end_of_record
TN:
SF:src/app.service.ts
FN:5,(anonymous_1)
FNF:1
FNH:1
FNDA:1,(anonymous_1)
DA:1,1
DA:4,1
DA:6,1
LF:3
LH:3
BRF:0
BRH:0
end_of_record
TN:
SF:src/main.ts
FN:10,bootstrap
FNF:1
FNH:0
FNDA:0,bootstrap
DA:1,0
DA:2,0
DA:3,0
DA:4,0
DA:5,0
DA:8,0
DA:11,0
DA:14,0
DA:21,0
DA:24,0
DA:30,0
DA:31,0
DA:33,0
DA:34,0
DA:36,0
LF:15
LH:0
BRDA:15,0,0,0
BRDA:15,0,1,0
BRDA:33,1,0,0
BRDA:33,1,1,0
BRF:4
BRH:0
end_of_record
TN:
SF:src/auth/auth.controller.ts
FN:7,(anonymous_4)
FN:11,(anonymous_5)
FNF:2
FNH:2
FNDA:3,(anonymous_4)
FNDA:2,(anonymous_5)
DA:1,1
DA:2,1
DA:3,1
DA:6,1
DA:7,3
DA:11,1
DA:12,2
DA:13,2
DA:14,2
DA:15,1
DA:17,1
DA:19,1
DA:20,1
LF:13
LH:13
BRDA:14,0,0,1
BRF:1
BRH:1
end_of_record
TN:
SF:src/auth/auth.module.ts
FNF:0
FNH:0
DA:1,0
DA:2,0
DA:3,0
DA:4,0
DA:5,0
DA:6,0
DA:7,0
DA:21,0
LF:8
LH:0
BRDA:14,0,0,0
BRDA:14,0,1,0
BRF:2
BRH:0
end_of_record
TN:
SF:src/auth/jwt-auth.guard.ts
FNF:0
FNH:0
DA:1,2
DA:2,2
DA:5,2
LF:3
LH:3
BRF:0
BRH:0
end_of_record
TN:
SF:src/auth/jwt.strategy.ts
FN:8,(anonymous_2)
FN:16,(anonymous_3)
FNF:2
FNH:2
FNDA:5,(anonymous_2)
FNDA:1,(anonymous_3)
DA:1,1
DA:2,1
DA:3,1
DA:4,1
DA:7,1
DA:8,5
DA:9,5
DA:17,1
DA:18,1
LF:9
LH:9
BRDA:12,0,0,5
BRDA:12,0,1,5
BRF:2
BRH:2
end_of_record
TN:
SF:src/movie/movie.controller.ts
FN:8,(anonymous_4)
FN:13,(anonymous_5)
FN:20,(anonymous_6)
FNF:3
FNH:3
FNDA:5,(anonymous_4)
FNDA:2,(anonymous_5)
FNDA:2,(anonymous_6)
DA:1,1
DA:2,1
DA:3,1
DA:7,1
DA:8,5
DA:13,1
DA:14,2
DA:20,1
DA:21,2
LF:9
LH:9
BRF:0
BRH:0
end_of_record
TN:
SF:src/movie/movie.module.ts
FNF:0
FNH:0
DA:1,0
DA:2,0
DA:3,0
DA:4,0
DA:5,0
DA:15,0
LF:6
LH:0
BRF:0
BRH:0
end_of_record
TN:
SF:src/movie/movie.service.ts
FN:7,(anonymous_2)
FN:12,(anonymous_3)
FN:19,(anonymous_4)
FNF:3
FNH:3
FNDA:5,(anonymous_2)
FNDA:2,(anonymous_3)
FNDA:2,(anonymous_4)
DA:1,2
DA:2,2
DA:3,2
DA:6,2
DA:8,5
DA:9,5
DA:13,2
DA:14,2
DA:15,2
DA:16,2
DA:20,2
DA:21,2
DA:22,2
DA:23,2
LF:14
LH:14
BRDA:16,0,0,2
BRDA:16,0,1,0
BRDA:23,1,0,2
BRDA:23,1,1,0
BRF:4
BRH:2
end_of_record
TN:
SF:src/reservation/reservation.controller.ts
FN:13,(anonymous_4)
FN:25,(anonymous_5)
FN:35,(anonymous_6)
FN:49,(anonymous_7)
FN:67,(anonymous_8)
FNF:5
FNH:5
FNDA:8,(anonymous_4)
FNDA:2,(anonymous_5)
FNDA:1,(anonymous_6)
FNDA:2,(anonymous_7)
FNDA:2,(anonymous_8)
DA:1,1
DA:2,1
DA:3,1
DA:4,1
DA:6,1
DA:12,1
DA:13,8
DA:25,1
DA:26,2
DA:35,1
DA:36,1
DA:49,1
DA:50,2
DA:67,1
DA:68,2
LF:15
LH:15
BRF:0
BRH:0
end_of_record
TN:
SF:src/reservation/reservation.module.ts
FNF:0
FNH:0
DA:1,0
DA:2,0
DA:3,0
DA:4,0
DA:5,0
DA:13,0
LF:6
LH:0
BRF:0
BRH:0
end_of_record
TN:
SF:src/reservation/reservation.service.ts
FN:12,(anonymous_4)
FN:17,(anonymous_5)
FN:64,(anonymous_6)
FN:76,(anonymous_7)
FN:91,(anonymous_8)
FNF:5
FNH:5
FNDA:15,(anonymous_4)
FNDA:8,(anonymous_5)
FNDA:1,(anonymous_6)
FNDA:5,(anonymous_7)
FNDA:3,(anonymous_8)
DA:1,3
DA:2,3
DA:3,3
DA:4,3
DA:9,3
DA:10,15
DA:14,15
DA:18,8
DA:21,8
DA:24,8
DA:25,8
DA:28,8
DA:36,8
DA:38,8
DA:39,8
DA:41,8
DA:46,4
DA:53,4
DA:61,4
DA:65,1
DA:77,5
DA:84,5
DA:85,1
DA:88,4
DA:92,3
DA:95,3
DA:96,1
DA:100,2
DA:101,1
DA:105,1
DA:106,1
LF:31
LH:31
BRDA:41,0,0,4
BRDA:42,1,0,8
BRDA:42,1,1,4
BRDA:42,1,2,6
BRDA:42,1,3,4
BRDA:42,1,4,4
BRDA:42,1,5,2
BRDA:84,2,0,1
BRDA:95,3,0,1
BRDA:100,4,0,1
BRF:10
BRH:10
end_of_record
TN:
SF:src/reservation/dto/create-reservation.dto.ts
FNF:0
FNH:0
DA:1,1
DA:2,1
DA:4,1
DA:11,1
DA:19,1
DA:27,1
LF:6
LH:6
BRF:0
BRH:0
end_of_record
TN:
SF:src/reservation/entities/reservation.entity.ts
FN:12,(anonymous_2)
FN:31,(anonymous_3)
FNF:2
FNH:0
FNDA:0,(anonymous_2)
FNDA:0,(anonymous_3)
DA:1,3
DA:2,3
DA:5,3
DA:7,3
DA:10,3
DA:12,0
DA:14,3
DA:17,3
DA:20,3
DA:23,3
DA:26,3
DA:29,3
DA:31,0
DA:32,3
LF:14
LH:12
BRF:0
BRH:0
end_of_record
TN:
SF:src/user/user.controller.ts
FN:11,(anonymous_4)
FN:17,(anonymous_5)
FN:25,(anonymous_6)
FN:35,(anonymous_7)
FNF:4
FNH:4
FNDA:4,(anonymous_4)
FNDA:1,(anonymous_5)
FNDA:1,(anonymous_6)
FNDA:1,(anonymous_7)
DA:1,1
DA:2,1
DA:3,1
DA:4,1
DA:5,1
DA:6,1
DA:10,1
DA:11,4
DA:17,1
DA:18,1
DA:25,1
DA:26,1
DA:35,1
DA:36,1
LF:14
LH:14
BRF:0
BRH:0
end_of_record
TN:
SF:src/user/user.module.ts
FNF:0
FNH:0
DA:1,0
DA:2,0
DA:3,0
DA:4,0
DA:5,0
DA:6,0
DA:20,0
LF:7
LH:0
BRF:0
BRH:0
end_of_record
TN:
SF:src/user/user.service.ts
FN:12,(anonymous_4)
FN:18,(anonymous_5)
FN:40,(anonymous_6)
FN:65,(anonymous_7)
FNF:4
FNH:3
FNDA:6,(anonymous_4)
FNDA:2,(anonymous_5)
FNDA:3,(anonymous_6)
FNDA:0,(anonymous_7)
DA:1,3
DA:2,3
DA:3,3
DA:4,3
DA:5,3
DA:8,3
DA:11,3
DA:14,6
DA:15,6
DA:19,2
DA:22,2
DA:23,2
DA:24,1
DA:28,1
DA:31,1
DA:32,1
DA:35,1
DA:37,1
DA:41,3
DA:44,3
DA:48,3
DA:49,1
DA:53,2
DA:54,2
DA:55,1
DA:59,1
DA:60,1
DA:62,1
DA:67,0
DA:68,0
LF:30
LH:28
BRDA:23,0,0,1
BRDA:48,1,0,1
BRDA:54,2,0,1
BRDA:68,3,0,0
BRDA:68,3,1,0
BRF:5
BRH:3
end_of_record
TN:
SF:src/user-controller/user-controller.controller.ts
FN:7,(anonymous_4)
FN:12,(anonymous_5)
FNF:2
FNH:0
FNDA:0,(anonymous_4)
FNDA:0,(anonymous_5)
DA:1,1
DA:2,1
DA:5,1
DA:7,1
DA:8,0
DA:12,1
DA:13,0
LF:7
LH:5
BRF:0
BRH:0
end_of_record
TN:
SF:src/user-controller/user-controller.dto.ts
FNF:0
FNH:0
DA:1,1
DA:3,1
DA:5,1
DA:9,1
DA:12,1
DA:15,1
DA:17,1
DA:21,1
LF:8
LH:8
BRF:0
BRH:0
end_of_record
TN:
SF:src/user-service/user-service.service.ts
FN:7,(anonymous_1)
FN:25,(anonymous_2)
FNF:2
FNH:2
FNDA:2,(anonymous_1)
FNDA:4,(anonymous_2)
DA:1,1
DA:2,1
DA:3,1
DA:6,1
DA:8,2
DA:11,2
DA:14,1
DA:22,1
DA:26,4
DA:29,4
DA:36,4
DA:37,3
DA:38,1
DA:41,2
DA:45,1
LF:15
LH:15
BRDA:37,0,0,1
BRF:1
BRH:1
end_of_record
TN:
SF:src/user/dto/login.dto.ts
FNF:0
FNH:0
DA:1,1
DA:2,1
DA:4,1
DA:11,1
DA:19,1
LF:5
LH:5
BRF:0
BRH:0
end_of_record
TN:
SF:src/user/dto/register.dto.ts
FNF:0
FNH:0
DA:1,1
DA:2,1
DA:4,1
DA:8,1
DA:13,1
DA:19,1
LF:6
LH:6
BRF:0
BRH:0
end_of_record
TN:
SF:src/user/entities/user.entity.ts
FNF:0
FNH:0
DA:1,6
DA:4,6
DA:6,6
DA:9,6
DA:12,6
DA:15,6
DA:18,6
LF:7
LH:7
BRF:0
BRH:0
end_of_record
